# JRE version: Java(TM) SE Runtime Environment (23.0.1+11) (build 23.0.1+11-39)
# Java VM: Java HotSpot(TM) 64-Bit Server VM (23.0.1+11-39, mixed mode, emulated-client, sharing, tiered, compressed oops, compressed class ptrs, g1 gc, windows-amd64)
GC Precious Log:
 CardTable entry size: 512
 Card Set container configuration: InlinePtr #cards 4 size 8 Array Of Cards #cards 16 size 48 Howl #buckets 8 coarsen threshold 3686 Howl Bitmap #cards 512 size 80 coarsen threshold 460 Card regions per heap region 1 cards per card region 4096
 CPUs: 12 total, 12 available
 Memory: 15711M
 Large Page Support: Disabled
 NUMA Support: Disabled
 Compressed Oops: Enabled (Zero based)
 Heap Region Size: 2M
 Heap Min Capacity: 8M
 Heap Initial Capacity: 246M
 Heap Max Capacity: 3928M
 Pre-touch: Disabled
 Parallel Workers: 10
 Concurrent Workers: 3
 Concurrent Refinement Workers: 10
 Periodic GC: Disabled
Heap:
 garbage-first heap   total reserved 4022272K, committed 151552K, used 19331K [0x000000070a800000, 0x0000000800000000)
  region size 2048K, 4 young (8192K), 2 survivors (4096K)
 Metaspace       used 30986K, committed 31872K, reserved 1114112K
  class space    used 4398K, committed 4736K, reserved 1048576K
GC Heap History (20 events):
Event: 3.835 GC heap before
{Heap before GC invocations=4 (full 0):
 garbage-first heap   total reserved 4022272K, committed 40960K, used 38111K [0x000000070a800000, 0x0000000800000000)
  region size 2048K, 17 young (34816K), 3 survivors (6144K)
 Metaspace       used 25315K, committed 25920K, reserved 1114112K
  class space    used 3578K, committed 3840K, reserved 1048576K
}
Event: 3.844 GC heap after
{Heap after GC invocations=5 (full 0):
 garbage-first heap   total reserved 4022272K, committed 51200K, used 14192K [0x000000070a800000, 0x0000000800000000)
  region size 2048K, 4 young (8192K), 4 survivors (8192K)
 Metaspace       used 25315K, committed 25920K, reserved 1114112K
  class space    used 3578K, committed 3840K, reserved 1048576K
}
Event: 5.328 GC heap before
{Heap before GC invocations=5 (full 0):
 garbage-first heap   total reserved 4022272K, committed 51200K, used 34672K [0x000000070a800000, 0x0000000800000000)
  region size 2048K, 14 young (28672K), 4 survivors (8192K)
 Metaspace       used 28263K, committed 28928K, reserved 1114112K
  class space    used 4015K, committed 4288K, reserved 1048576K
}
Event: 5.335 GC heap after
{Heap after GC invocations=6 (full 0):
 garbage-first heap   total reserved 4022272K, committed 51200K, used 16255K [0x000000070a800000, 0x0000000800000000)
  region size 2048K, 2 young (4096K), 2 survivors (4096K)
 Metaspace       used 28263K, committed 28928K, reserved 1114112K
  class space    used 4015K, committed 4288K, reserved 1048576K
}
Event: 27.247 GC heap before
{Heap before GC invocations=6 (full 0):
 garbage-first heap   total reserved 4022272K, committed 51200K, used 30591K [0x000000070a800000, 0x0000000800000000)
  region size 2048K, 10 young (20480K), 2 survivors (4096K)
 Metaspace       used 30938K, committed 31552K, reserved 1114112K
  class space    used 4412K, committed 4672K, reserved 1048576K
}
Event: 27.297 GC heap after
{Heap after GC invocations=7 (full 1):
 garbage-first heap   total reserved 4022272K, committed 51200K, used 14540K [0x000000070a800000, 0x0000000800000000)
  region size 2048K, 0 young (0K), 0 survivors (0K)
 Metaspace       used 30938K, committed 31552K, reserved 1114112K
  class space    used 4412K, committed 4672K, reserved 1048576K
}
Event: 28.308 GC heap before
{Heap before GC invocations=7 (full 1):
 garbage-first heap   total reserved 4022272K, committed 51200K, used 37068K [0x000000070a800000, 0x0000000800000000)
  region size 2048K, 11 young (22528K), 0 survivors (0K)
 Metaspace       used 30947K, committed 31552K, reserved 1114112K
  class space    used 4415K, committed 4672K, reserved 1048576K
}
Event: 28.312 GC heap after
{Heap after GC invocations=8 (full 1):
 garbage-first heap   total reserved 4022272K, committed 51200K, used 17456K [0x000000070a800000, 0x0000000800000000)
  region size 2048K, 2 young (4096K), 2 survivors (4096K)
 Metaspace       used 30947K, committed 31552K, reserved 1114112K
  class space    used 4415K, committed 4672K, reserved 1048576K
}
Event: 30.173 GC heap before
{Heap before GC invocations=8 (full 1):
 garbage-first heap   total reserved 4022272K, committed 51200K, used 19504K [0x000000070a800000, 0x0000000800000000)
  region size 2048K, 4 young (8192K), 2 survivors (4096K)
 Metaspace       used 30951K, committed 31552K, reserved 1114112K
  class space    used 4416K, committed 4672K, reserved 1048576K
}
Event: 30.256 GC heap after
{Heap after GC invocations=9 (full 2):
 garbage-first heap   total reserved 4022272K, committed 51200K, used 14530K [0x000000070a800000, 0x0000000800000000)
  region size 2048K, 0 young (0K), 0 survivors (0K)
 Metaspace       used 30949K, committed 31552K, reserved 1114112K
  class space    used 4416K, committed 4672K, reserved 1048576K
}
Event: 31.668 GC heap before
{Heap before GC invocations=9 (full 2):
 garbage-first heap   total reserved 4022272K, committed 51200K, used 35010K [0x000000070a800000, 0x0000000800000000)
  region size 2048K, 11 young (22528K), 0 survivors (0K)
 Metaspace       used 30956K, committed 31552K, reserved 1114112K
  class space    used 4418K, committed 4672K, reserved 1048576K
}
Event: 31.671 GC heap after
{Heap after GC invocations=10 (full 2):
 garbage-first heap   total reserved 4022272K, committed 51200K, used 17362K [0x000000070a800000, 0x0000000800000000)
  region size 2048K, 2 young (4096K), 2 survivors (4096K)
 Metaspace       used 30956K, committed 31552K, reserved 1114112K
  class space    used 4418K, committed 4672K, reserved 1048576K
}
Event: 36.218 GC heap before
{Heap before GC invocations=10 (full 2):
 garbage-first heap   total reserved 4022272K, committed 51200K, used 19410K [0x000000070a800000, 0x0000000800000000)
  region size 2048K, 4 young (8192K), 2 survivors (4096K)
 Metaspace       used 30961K, committed 31552K, reserved 1114112K
  class space    used 4419K, committed 4672K, reserved 1048576K
}
Event: 36.268 GC heap after
{Heap after GC invocations=11 (full 3):
 garbage-first heap   total reserved 4022272K, committed 51200K, used 14736K [0x000000070a800000, 0x0000000800000000)
  region size 2048K, 0 young (0K), 0 survivors (0K)
 Metaspace       used 30959K, committed 31552K, reserved 1114112K
  class space    used 4418K, committed 4672K, reserved 1048576K
}
Event: 37.463 GC heap before
{Heap before GC invocations=11 (full 3):
 garbage-first heap   total reserved 4022272K, committed 51200K, used 39312K [0x000000070a800000, 0x0000000800000000)
  region size 2048K, 12 young (24576K), 0 survivors (0K)
 Metaspace       used 30962K, committed 31552K, reserved 1114112K
  class space    used 4419K, committed 4672K, reserved 1048576K
}
Event: 37.466 GC heap after
{Heap after GC invocations=12 (full 3):
 garbage-first heap   total reserved 4022272K, committed 51200K, used 17750K [0x000000070a800000, 0x0000000800000000)
  region size 2048K, 2 young (4096K), 2 survivors (4096K)
 Metaspace       used 30962K, committed 31552K, reserved 1114112K
  class space    used 4419K, committed 4672K, reserved 1048576K
}
Event: 38.890 GC heap before
{Heap before GC invocations=12 (full 3):
 garbage-first heap   total reserved 4022272K, committed 51200K, used 19798K [0x000000070a800000, 0x0000000800000000)
  region size 2048K, 4 young (8192K), 2 survivors (4096K)
 Metaspace       used 31193K, committed 31872K, reserved 1114112K
  class space    used 4460K, committed 4736K, reserved 1048576K
}
Event: 38.941 GC heap after
{Heap after GC invocations=13 (full 4):
 garbage-first heap   total reserved 4022272K, committed 51200K, used 14346K [0x000000070a800000, 0x0000000800000000)
  region size 2048K, 0 young (0K), 0 survivors (0K)
 Metaspace       used 30934K, committed 31872K, reserved 1114112K
  class space    used 4386K, committed 4736K, reserved 1048576K
}
Event: 39.427 GC heap before
{Heap before GC invocations=13 (full 4):
 garbage-first heap   total reserved 4022272K, committed 51200K, used 38922K [0x000000070a800000, 0x0000000800000000)
  region size 2048K, 12 young (24576K), 0 survivors (0K)
 Metaspace       used 30943K, committed 31872K, reserved 1114112K
  class space    used 4389K, committed 4736K, reserved 1048576K
}
Event: 39.430 GC heap after
{Heap after GC invocations=14 (full 4):
 garbage-first heap   total reserved 4022272K, committed 151552K, used 17283K [0x000000070a800000, 0x0000000800000000)
  region size 2048K, 2 young (4096K), 2 survivors (4096K)
 Metaspace       used 30943K, committed 31872K, reserved 1114112K
  class space    used 4389K, committed 4736K, reserved 1048576K
}

